<?xml version="1.0" encoding="UTF-8"?>
<testng-results ignored="0" total="2" passed="2" failed="0" skipped="0">
  <reporter-output>
  </reporter-output>
  <suite started-at="2020-06-11T11:33:51 BST" name="Command line suite" finished-at="2020-06-11T11:34:11 BST" duration-ms="20147">
    <groups>
      <group name="cucumber">
        <method signature="AbstractTestNGCucumberTests.runScenario(io.cucumber.testng.PickleWrapper, io.cucumber.testng.FeatureWrapper)[pri:0, instance:Runner.TestRunner@40f08448]" name="runScenario" class="io.cucumber.testng.AbstractTestNGCucumberTests"/>
      </group> <!-- cucumber -->
    </groups>
    <test started-at="2020-06-11T11:33:51 BST" name="Command line test" finished-at="2020-06-11T11:34:11 BST" duration-ms="20147">
      <class name="Runner.TestRunner">
        <test-method is-config="true" signature="setUpClass()[pri:0, instance:Runner.TestRunner@40f08448]" started-at="2020-06-11T11:33:51 BST" name="setUpClass" finished-at="2020-06-11T11:33:51 BST" duration-ms="617" status="PASS">
          <reporter-output>
          </reporter-output>
        </test-method> <!-- setUpClass -->
        <test-method signature="runScenario(io.cucumber.testng.PickleWrapper, io.cucumber.testng.FeatureWrapper)[pri:0, instance:Runner.TestRunner@40f08448]" started-at="2020-06-11T11:33:52 BST" name="runScenario" description="Runs Cucumber Scenarios" data-provider="scenarios" finished-at="2020-06-11T11:34:07 BST" duration-ms="15643" status="PASS">
          <params>
            <param index="0">
              <value>
                <![CDATA["Valid login"]]>
              </value>
            </param>
            <param index="1">
              <value>
                <![CDATA["Login feature"]]>
              </value>
            </param>
          </params>
          <reporter-output>
          </reporter-output>
        </test-method> <!-- runScenario -->
        <test-method signature="runScenario(io.cucumber.testng.PickleWrapper, io.cucumber.testng.FeatureWrapper)[pri:0, instance:Runner.TestRunner@40f08448]" started-at="2020-06-11T11:33:52 BST" name="runScenario" description="Runs Cucumber Scenarios" data-provider="scenarios" finished-at="2020-06-11T11:34:11 BST" duration-ms="19222" status="PASS">
          <params>
            <param index="0">
              <value>
                <![CDATA["Register a new user"]]>
              </value>
            </param>
            <param index="1">
              <value>
                <![CDATA["App Form"]]>
              </value>
            </param>
          </params>
          <reporter-output>
          </reporter-output>
        </test-method> <!-- runScenario -->
        <test-method is-config="true" signature="tearDownClass()[pri:0, instance:Runner.TestRunner@40f08448]" started-at="2020-06-11T11:34:11 BST" name="tearDownClass" finished-at="2020-06-11T11:34:11 BST" duration-ms="208" status="PASS">
          <reporter-output>
          </reporter-output>
        </test-method> <!-- tearDownClass -->
      </class> <!-- Runner.TestRunner -->
    </test> <!-- Command line test -->
  </suite> <!-- Command line suite -->
</testng-results>
